Flow report for tut11
Tue Mar 24 21:34:38 2015
Quartus II 64-Bit Version 12.1 Build 177 11/07/2012 SJ Web Edition


---------------------
; Table of Contents ;
---------------------
  1. Legal Notice
  2. Flow Summary
  3. Flow Settings
  4. Flow Non-Default Global Settings
  5. Flow Elapsed Time
  6. Flow OS Summary
  7. Flow Log



----------------
; Legal Notice ;
----------------
Copyright (C) 1991-2012 Altera Corporation
Your use of Altera Corporation's design tools, logic functions 
and other software and tools, and its AMPP partner logic 
functions, and any output files from any of the foregoing 
(including device programming or simulation files), and any 
associated documentation or information are expressly subject 
to the terms and conditions of the Altera Program License 
Subscription Agreement, Altera MegaCore Function License 
Agreement, or other applicable license agreement, including, 
without limitation, that your use is for the sole purpose of 
programming logic devices manufactured by Altera and sold by 
Altera or its authorized distributors.  Please refer to the 
applicable agreement for further details.



+-------------------------------------------------------------------------------+
; Flow Summary                                                                  ;
+------------------------------------+------------------------------------------+
; Flow Status                        ; Successful - Tue Mar 24 21:34:38 2015    ;
; Quartus II 64-Bit Version          ; 12.1 Build 177 11/07/2012 SJ Web Edition ;
; Revision Name                      ; tut11                                    ;
; Top-level Entity Name              ; part5                                    ;
; Family                             ; Cyclone IV GX                            ;
; Device                             ; EP4CGX150DF31C7                          ;
; Timing Models                      ; Final                                    ;
; Total logic elements               ; 15 / 149,760 ( < 1 % )                   ;
;     Total combinational functions  ; 15 / 149,760 ( < 1 % )                   ;
;     Dedicated logic registers      ; 0 / 149,760 ( 0 % )                      ;
; Total registers                    ; 0                                        ;
; Total pins                         ; 41 / 508 ( 8 % )                         ;
; Total virtual pins                 ; 0                                        ;
; Total memory bits                  ; 0 / 6,635,520 ( 0 % )                    ;
; Embedded Multiplier 9-bit elements ; 0 / 720 ( 0 % )                          ;
; Total GXB Receiver Channel PCS     ; 0 / 8 ( 0 % )                            ;
; Total GXB Receiver Channel PMA     ; 0 / 8 ( 0 % )                            ;
; Total GXB Transmitter Channel PCS  ; 0 / 8 ( 0 % )                            ;
; Total GXB Transmitter Channel PMA  ; 0 / 8 ( 0 % )                            ;
; Total PLLs                         ; 0 / 8 ( 0 % )                            ;
+------------------------------------+------------------------------------------+


+-----------------------------------------+
; Flow Settings                           ;
+-------------------+---------------------+
; Option            ; Setting             ;
+-------------------+---------------------+
; Start date & time ; 03/24/2015 21:33:15 ;
; Main task         ; Compilation         ;
; Revision Name     ; tut11               ;
+-------------------+---------------------+


+---------------------------------------------------------------------------------------------------------------------+
; Flow Non-Default Global Settings                                                                                    ;
+-------------------------------------+--------------------------------+---------------+-------------+----------------+
; Assignment Name                     ; Value                          ; Default Value ; Entity Name ; Section Id     ;
+-------------------------------------+--------------------------------+---------------+-------------+----------------+
; COMPILER_SIGNATURE_ID               ; 13587383294564.142722919502560 ; --            ; --          ; --             ;
; EDA_OUTPUT_DATA_FORMAT              ; Vhdl                           ; --            ; --          ; eda_simulation ;
; EDA_SIMULATION_TOOL                 ; ModelSim-Altera (VHDL)         ; <None>        ; --          ; --             ;
; MAX_CORE_JUNCTION_TEMP              ; 85                             ; --            ; --          ; --             ;
; MIN_CORE_JUNCTION_TEMP              ; 0                              ; --            ; --          ; --             ;
; NOMINAL_CORE_SUPPLY_VOLTAGE         ; 1.2V                           ; --            ; --          ; --             ;
; PARTITION_COLOR                     ; 16764057                       ; --            ; part5       ; Top            ;
; PARTITION_FITTER_PRESERVATION_LEVEL ; PLACEMENT_AND_ROUTING          ; --            ; part5       ; Top            ;
; PARTITION_NETLIST_TYPE              ; SOURCE                         ; --            ; part5       ; Top            ;
; PROJECT_OUTPUT_DIRECTORY            ; output_files                   ; --            ; --          ; --             ;
; TOP_LEVEL_ENTITY                    ; part5                          ; tut11         ; --          ; --             ;
+-------------------------------------+--------------------------------+---------------+-------------+----------------+


+-------------------------------------------------------------------------------------------------------------------------------+
; Flow Elapsed Time                                                                                                             ;
+---------------------------+--------------+-------------------------+---------------------+------------------------------------+
; Module Name               ; Elapsed Time ; Average Processors Used ; Peak Virtual Memory ; Total CPU Time (on all processors) ;
+---------------------------+--------------+-------------------------+---------------------+------------------------------------+
; Analysis & Synthesis      ; 00:00:04     ; 1.0                     ; 546 MB              ; 00:00:03                           ;
; Fitter                    ; 00:00:46     ; 2.1                     ; 1019 MB             ; 00:00:37                           ;
; Assembler                 ; 00:00:11     ; 1.0                     ; 489 MB              ; 00:00:10                           ;
; TimeQuest Timing Analyzer ; 00:00:05     ; 1.0                     ; 533 MB              ; 00:00:04                           ;
; EDA Netlist Writer        ; 00:00:02     ; 1.0                     ; 455 MB              ; 00:00:02                           ;
; Total                     ; 00:01:08     ; --                      ; --                  ; 00:00:56                           ;
+---------------------------+--------------+-------------------------+---------------------+------------------------------------+


+----------------------------------------------------------------------------------------+
; Flow OS Summary                                                                        ;
+---------------------------+------------------+-----------+------------+----------------+
; Module Name               ; Machine Hostname ; OS Name   ; OS Version ; Processor type ;
+---------------------------+------------------+-----------+------------+----------------+
; Analysis & Synthesis      ; Radek-Komputer   ; Windows 7 ; 6.1        ; x86_64         ;
; Fitter                    ; Radek-Komputer   ; Windows 7 ; 6.1        ; x86_64         ;
; Assembler                 ; Radek-Komputer   ; Windows 7 ; 6.1        ; x86_64         ;
; TimeQuest Timing Analyzer ; Radek-Komputer   ; Windows 7 ; 6.1        ; x86_64         ;
; EDA Netlist Writer        ; Radek-Komputer   ; Windows 7 ; 6.1        ; x86_64         ;
+---------------------------+------------------+-----------+------------+----------------+


------------
; Flow Log ;
------------
quartus_map --read_settings_files=on --write_settings_files=off tut11 -c tut11
quartus_fit --read_settings_files=off --write_settings_files=off tut11 -c tut11
quartus_asm --read_settings_files=off --write_settings_files=off tut11 -c tut11
quartus_sta tut11 -c tut11
quartus_eda --read_settings_files=off --write_settings_files=off tut11 -c tut11



